0 info it worked if it ends with ok
1 verbose cli [ '/usr/bin/nodejs', '/usr/bin/npm', 'publish' ]
2 info using npm@1.4.21
3 info using node@v0.10.38
4 verbose publish [ '.' ]
5 verbose cache add [ '.', null ]
6 verbose cache add name=undefined spec="." args=[".",null]
7 verbose parsed url { protocol: null,
7 verbose parsed url   slashes: null,
7 verbose parsed url   auth: null,
7 verbose parsed url   host: null,
7 verbose parsed url   port: null,
7 verbose parsed url   hostname: null,
7 verbose parsed url   hash: null,
7 verbose parsed url   search: null,
7 verbose parsed url   query: null,
7 verbose parsed url   pathname: '.',
7 verbose parsed url   path: '.',
7 verbose parsed url   href: '.' }
8 silly lockFile 3a52ce78- .
9 verbose lock . /home/tnraro/.npm/3a52ce78-.lock
10 verbose tar pack [ '/home/tnraro/.npm/path-map/0.0.0/package.tgz', '.' ]
11 verbose tarball /home/tnraro/.npm/path-map/0.0.0/package.tgz
12 verbose folder .
13 info prepublish path-map@0.0.0
14 silly lockFile 1f1177db-tar tar://.
15 verbose lock tar://. /home/tnraro/.npm/1f1177db-tar.lock
16 silly lockFile 7187999e-o-npm-path-map-0-0-0-package-tgz tar:///home/tnraro/.npm/path-map/0.0.0/package.tgz
17 verbose lock tar:///home/tnraro/.npm/path-map/0.0.0/package.tgz /home/tnraro/.npm/7187999e-o-npm-path-map-0-0-0-package-tgz.lock
18 silly lockFile 1f1177db-tar tar://.
19 silly lockFile 1f1177db-tar tar://.
20 silly lockFile 7187999e-o-npm-path-map-0-0-0-package-tgz tar:///home/tnraro/.npm/path-map/0.0.0/package.tgz
21 silly lockFile 7187999e-o-npm-path-map-0-0-0-package-tgz tar:///home/tnraro/.npm/path-map/0.0.0/package.tgz
22 silly lockFile 5b0000d5-nraro-npm-path-map-0-0-0-package /home/tnraro/.npm/path-map/0.0.0/package
23 verbose lock /home/tnraro/.npm/path-map/0.0.0/package /home/tnraro/.npm/5b0000d5-nraro-npm-path-map-0-0-0-package.lock
24 silly lockFile 5b0000d5-nraro-npm-path-map-0-0-0-package /home/tnraro/.npm/path-map/0.0.0/package
25 silly lockFile 5b0000d5-nraro-npm-path-map-0-0-0-package /home/tnraro/.npm/path-map/0.0.0/package
26 silly lockFile 3a52ce78- .
27 silly lockFile 3a52ce78- .
28 silly publish { name: 'path-map',
28 silly publish   version: '0.0.0',
28 silly publish   description: 'path map',
28 silly publish   main: 'index.js',
28 silly publish   scripts: { test: 'mocha test' },
28 silly publish   repository:
28 silly publish    { type: 'git',
28 silly publish      url: 'https://github.com/tnRaro/node-path-map.git' },
28 silly publish   author: { name: 'tnRaro', email: 'admin@tnraro.com' },
28 silly publish   license: 'MIT',
28 silly publish   bugs: { url: 'https://github.com/tnRaro/node-path-map/issues' },
28 silly publish   devDependencies: { assert: '^1.3.0', mocha: '^2.2.5' },
28 silly publish   readme: '# node-path-map\n\n[![Build Status](https://travis-ci.org/tnRaro/node-path-map.svg)](https://travis-ci.org/tnRaro/node-path-map)\n\npath map\n\n# Installation\n\n\t$ npm install path-map --save\n\n# Usage\n\n```js\nvar pathMap = require(\'path-map\');\n\npathMap({\n\tcwd: __dirname,\n\tsrc: \'src\',\n\tdist: \'dist\'\n});\n\npathMap(\'src\'); // __dirname + \'/src\'\n```',
28 silly publish   readmeFilename: 'README.md',
28 silly publish   gitHead: '9412f9a68cc1fe02d792b584fb56abf292141e56',
28 silly publish   _id: 'path-map@0.0.0',
28 silly publish   _shasum: '0b2a015815c6ca4e08583980172e130850d54e13',
28 silly publish   _from: '.' }
29 verbose request where is /path-map
30 verbose request registry https://registry.npmjs.org/
31 verbose request id 32ad244adc8370f8
32 verbose url raw /path-map
33 verbose url resolving [ 'https://registry.npmjs.org/', './path-map' ]
34 verbose url resolved https://registry.npmjs.org/path-map
35 verbose request where is https://registry.npmjs.org/path-map
36 info trying registry request attempt 1 at 23:09:15
37 http PUT https://registry.npmjs.org/path-map
38 http 403 https://registry.npmjs.org/path-map
39 verbose headers { 'content-type': 'application/json',
39 verbose headers   'cache-control': 'max-age=60',
39 verbose headers   'content-length': '100',
39 verbose headers   'accept-ranges': 'bytes',
39 verbose headers   date: 'Sat, 29 Aug 2015 14:08:14 GMT',
39 verbose headers   via: '1.1 varnish',
39 verbose headers   connection: 'keep-alive',
39 verbose headers   'x-served-by': 'cache-nrt6132-NRT',
39 verbose headers   'x-cache': 'MISS',
39 verbose headers   'x-cache-hits': '0',
39 verbose headers   'x-timer': 'S1440857294.177111,VS0,VE458' }
40 error publish Failed PUT 403
41 error Error: You do not have permission to publish 'path-map'. Are you logged in as the correct user? : path-map
41 error     at RegClient.<anonymous> (/usr/share/npm/node_modules/npm-registry-client/lib/request.js:300:14)
41 error     at Request._callback (/usr/share/npm/node_modules/npm-registry-client/lib/request.js:238:65)
41 error     at Request.self.callback (/usr/lib/nodejs/request/index.js:148:22)
41 error     at Request.emit (events.js:98:17)
41 error     at Request.<anonymous> (/usr/lib/nodejs/request/index.js:896:14)
41 error     at Request.emit (events.js:117:20)
41 error     at IncomingMessage.<anonymous> (/usr/lib/nodejs/request/index.js:847:12)
41 error     at IncomingMessage.emit (events.js:117:20)
41 error     at _stream_readable.js:944:16
41 error     at process._tickCallback (node.js:419:13)
42 error If you need help, you may report this *entire* log,
42 error including the npm and node versions, at:
42 error     <http://github.com/npm/npm/issues>
43 error System Linux 3.16.0-4-amd64
44 error command "/usr/bin/nodejs" "/usr/bin/npm" "publish"
45 error cwd /home/tnraro/trash/workspace/node-path-map
46 error node -v v0.10.38
47 error npm -v 1.4.21
48 verbose exit [ 1, true ]
